[2026-01-18 03:10:19] [device_2000] ← '<R1>'
[2026-01-18 03:10:19] [device_2000] ← '<R1>'
[2026-01-18 03:10:25] [device_2000] → '\x1b[Adisplay version\r'
[2026-01-18 03:10:25] [device_2000] ← '\x07\x07ddiissppllaayy  vveerrssiioonnsatile Routing Platform Software\r'
[2026-01-18 03:10:25] [device_2000] ← 'satile Routing Platform Software\r'
[2026-01-18 03:10:25] [device_2000] ← 'ware, Version 5.130 (AR1200 V200R003C00)\r'
[2026-01-18 03:10:25] [device_2000] ← 'ware, Version 5.130 (AR1200 V200R003C00)\r'
[2026-01-18 03:10:25] [device_2000] ← ') 2011-2012 HUAWEI TECH CO., LTD\r'
[2026-01-18 03:10:25] [device_2000] ← ') 2011-2012 HUAWEI TECH CO., LTD\r'
[2026-01-18 03:10:25] [device_2000] ← '0 Router0 Router week, 0 day, 0 hour, 0 minute\r'
[2026-01-18 03:10:25] [device_2000] ← ' week, 0 day, 0 hour, 0 minute\r'
[2026-01-18 03:10:25] [device_2000] ← 'n information: \r'
[2026-01-18 03:10:25] [device_2000] ← '1. PCB      Version  : AR01BAK1A VER.NC\r'
[2026-01-18 03:10:25] [device_2000] ← '2. If Supporting PoE : No\r'
[2026-01-18 03:10:25] [device_2000] ← '3. Board    Type     : AR1220\r'
[2026-01-18 03:10:25] [device_2000] ← '4. MPU Slot Quantity : 1\r'
[2026-01-18 03:10:25] [device_2000] ← '5. LPU Slot Quantity : 2\r'
[2026-01-18 03:10:25] [device_2000] ← 'n information: \r'
[2026-01-18 03:10:25] [device_2000] ← '1. PCB      Version  : AR01BAK1A VER.NC\r'
[2026-01-18 03:10:25] [device_2000] ← '2. If Supporting PoE : No\r'
[2026-01-18 03:10:25] [device_2000] ← '3. Board    Type     : AR1220\r'
[2026-01-18 03:10:25] [device_2000] ← '4. MPU Slot Quantity : 1\r'
[2026-01-18 03:10:25] [device_2000] ← '5. LPU Slot Quantity : 2\r'
[2026-01-18 03:10:25] [device_2000] ← ') : uptime is 0 week, 0 day, 0 hour, 0 minute\r'
[2026-01-18 03:10:25] [device_2000] ← ') : uptime is 0 week, 0 day, 0 hour, 0 minute\r'
[2026-01-18 03:10:25] [device_2000] ← 'information : \r'
[2026-01-18 03:10:25] [device_2000] ← '1. PCB      Version  : AR01SRU1A VER.A\r'
[2026-01-18 03:10:25] [device_2000] ← '2. MAB      Version  : 0\r'
[2026-01-18 03:10:25] [device_2000] ← '3. Board    Type     : AR1220\r'
[2026-01-18 03:10:25] [device_2000] ← '4. BootROM  Version  : 0\r'
[2026-01-18 03:10:25] [device_2000] ← 'information : \r'
[2026-01-18 03:10:25] [device_2000] ← '1. PCB      Version  : AR01SRU1A VER.A\r'
[2026-01-18 03:10:25] [device_2000] ← '2. MAB      Version  : 0\r'
[2026-01-18 03:10:25] [device_2000] ← '3. Board    Type     : AR1220\r'
[2026-01-18 03:10:25] [device_2000] ← '4. BootROM  Version  : 0\r'
[2026-01-18 03:10:25] [device_2000] ← '<R1>'
[2026-01-18 03:10:25] [device_2000] ← '<R1>'
[2026-01-18 03:15:22] [device_2000] ← ' check whether system data has been changed, and save data in time check whether system data has been changed, and save data in timeuration console time out, please press any key to log on\r'
[2026-01-18 03:15:22] [device_2000] ← 'uration console time out, please press any key to log on\r'
